<?xml version="1.0" encoding="UTF-8"?>
<!-- Generated by org.testng.reporters.JUnitReportReporter -->
<testsuite hostname="Muhindhar" failures="1" tests="1" name="com.runner.TestNgRunner$TestngReport" time="19.160" errors="0" timestamp="2026-05-07T14:34:06 IST" skipped="0">
  <testcase classname="com.runner.TestNgRunner$TestngReport" name="runScenario" time="19.160">
    <failure message="expected [Dashboard] but found [Dashboar]" type="java.lang.AssertionError">
      <![CDATA[java.lang.AssertionError: expected [Dashboard] but found [Dashboar]
at org.testng.Assert.fail(Assert.java:111)
at org.testng.Assert.failNotEquals(Assert.java:1590)
at org.testng.Assert.assertEqualsImpl(Assert.java:150)
at org.testng.Assert.assertEquals(Assert.java:132)
at org.testng.Assert.assertEquals(Assert.java:656)
at org.testng.Assert.assertEquals(Assert.java:666)
at com.definitions.LoginPageDefinitions.user_should_be_able_to_login_successfully_and_should_see_the_dashboard(LoginPageDefinitions.java:33)
at ✽.user should be able to login successfully and should see the dashboard(file:///C:/Users/Muhindhar%20S%20V/eclipse-workspace/CucumberPOMReports/src/test/resources/Features/LoginPage.feature:6)
]]>
    </failure>
  </testcase> <!-- runScenario -->
</testsuite> <!-- com.runner.TestNgRunner$TestngReport -->
