<?xml version="1.0" encoding="UTF-8"?>
<testng-results ignored="0" total="1" passed="1" failed="0" skipped="0">
  <reporter-output>
  </reporter-output>
  <suite started-at="2026-05-07T15:19:58 IST" name="Default suite" finished-at="2026-05-07T15:20:07 IST" duration-ms="8850">
    <groups>
      <group name="cucumber">
        <method signature="AbstractTestNGCucumberTests.runScenario(io.cucumber.testng.PickleWrapper,io.cucumber.testng.FeatureWrapper)[pri:0, instance:com.runner.Allurereport@74f6c5d8]" name="runScenario" class="io.cucumber.testng.AbstractTestNGCucumberTests"/>
      </group> <!-- cucumber -->
    </groups>
    <test started-at="2026-05-07T15:19:58 IST" name="Default test" finished-at="2026-05-07T15:20:07 IST" duration-ms="8850">
      <class name="com.runner.Allurereport">
        <test-method is-config="true" signature="setUpClass(org.testng.ITestContext)[pri:0, instance:com.runner.Allurereport@74f6c5d8]" started-at="2026-05-07T15:19:58 IST" name="setUpClass" finished-at="2026-05-07T15:19:58 IST" duration-ms="159" status="PASS">
          <params>
            <param index="0">
              <value>
                <![CDATA[org.testng.TestRunner@187e5235]]>
              </value>
            </param>
          </params>
          <reporter-output>
          </reporter-output>
        </test-method> <!-- setUpClass -->
        <test-method signature="runScenario(io.cucumber.testng.PickleWrapper,io.cucumber.testng.FeatureWrapper)[pri:0, instance:com.runner.Allurereport@74f6c5d8]" started-at="2026-05-07T15:19:58 IST" name="runScenario" description="Runs Cucumber Scenarios" data-provider="scenarios" finished-at="2026-05-07T15:20:07 IST" duration-ms="8646" status="PASS">
          <params>
            <param index="0">
              <value>
                <![CDATA["login with valid credentials"]]>
              </value>
            </param>
            <param index="1">
              <value>
                <![CDATA["Login to hrm application"]]>
              </value>
            </param>
          </params>
          <reporter-output>
          </reporter-output>
        </test-method> <!-- runScenario -->
        <test-method is-config="true" signature="tearDownClass()[pri:0, instance:com.runner.Allurereport@74f6c5d8]" started-at="2026-05-07T15:20:07 IST" name="tearDownClass" finished-at="2026-05-07T15:20:07 IST" duration-ms="6" status="PASS">
          <reporter-output>
          </reporter-output>
        </test-method> <!-- tearDownClass -->
      </class> <!-- com.runner.Allurereport -->
    </test> <!-- Default test -->
  </suite> <!-- Default suite -->
</testng-results>
