<?xml version="1.0" encoding="UTF-8"?>
<testng-results ignored="0" total="1" passed="1" failed="0" skipped="0">
  <reporter-output>
  </reporter-output>
  <suite started-at="2026-05-05T15:38:21 IST" name="Default suite" finished-at="2026-05-05T15:38:26 IST" duration-ms="5337">
    <groups>
      <group name="cucumber">
        <method signature="AbstractTestNGCucumberTests.runScenario(io.cucumber.testng.PickleWrapper,io.cucumber.testng.FeatureWrapper)[pri:0, instance:Runner.Login_runner$TestngReport@6f4a47c7]" name="runScenario" class="io.cucumber.testng.AbstractTestNGCucumberTests"/>
      </group> <!-- cucumber -->
    </groups>
    <test started-at="2026-05-05T15:38:21 IST" name="Default test" finished-at="2026-05-05T15:38:26 IST" duration-ms="5337">
      <class name="Runner.Login_runner$TestngReport">
        <test-method is-config="true" signature="setUpClass(org.testng.ITestContext)[pri:0, instance:Runner.Login_runner$TestngReport@6f4a47c7]" started-at="2026-05-05T15:38:21 IST" name="setUpClass" finished-at="2026-05-05T15:38:22 IST" duration-ms="568" status="PASS">
          <params>
            <param index="0">
              <value>
                <![CDATA[org.testng.TestRunner@5017e1]]>
              </value>
            </param>
          </params>
          <reporter-output>
          </reporter-output>
        </test-method> <!-- setUpClass -->
        <test-method signature="runScenario(io.cucumber.testng.PickleWrapper,io.cucumber.testng.FeatureWrapper)[pri:0, instance:Runner.Login_runner$TestngReport@6f4a47c7]" started-at="2026-05-05T15:38:22 IST" name="runScenario" description="Runs Cucumber Scenarios" data-provider="scenarios" finished-at="2026-05-05T15:38:26 IST" duration-ms="4713" status="PASS">
          <params>
            <param index="0">
              <value>
                <![CDATA["Login to the tutarialsNinja website"]]>
              </value>
            </param>
            <param index="1">
              <value>
                <![CDATA["Login to the TutorialsNinja website"]]>
              </value>
            </param>
          </params>
          <reporter-output>
          </reporter-output>
        </test-method> <!-- runScenario -->
        <test-method is-config="true" signature="tearDownClass()[pri:0, instance:Runner.Login_runner$TestngReport@6f4a47c7]" started-at="2026-05-05T15:38:26 IST" name="tearDownClass" finished-at="2026-05-05T15:38:26 IST" duration-ms="15" status="PASS">
          <reporter-output>
          </reporter-output>
        </test-method> <!-- tearDownClass -->
      </class> <!-- Runner.Login_runner$TestngReport -->
    </test> <!-- Default test -->
  </suite> <!-- Default suite -->
</testng-results>
