<?xml version="1.0" encoding="UTF-8"?>
<!-- Generated by org.testng.reporters.JUnitXMLReporter -->
<testsuite ignored="0" hostname="Muhindhar" failures="1" tests="1" name="Test" time="11.239" errors="0" timestamp="2026-05-04T14:28:31 IST">
  <testcase classname="io.cucumber.testng.AbstractTestNGCucumberTests" name="runScenario" time="10.576">
    <failure type="java.lang.AssertionError" message="expected [Log in] but found []">
      <![CDATA[java.lang.AssertionError: expected [Log in] but found []
at stepDefinitions.LoginStepDefinitin.the_login_card_title_should_be_verified(LoginStepDefinitin.java:43)
at ✽.the Login card title should be verified(file:///C:/Users/Muhindhar%20S%20V/eclipse-workspace/Cucumber/src/test/resources/com/features/Login.feature:9)
... Removed 6 stack frames]]>
    </failure>
  </testcase> <!-- runScenario -->
</testsuite> <!-- Test -->
