<?xml version="1.0" encoding="UTF-8"?>
<!-- Generated by org.testng.reporters.JUnitXMLReporter -->
<testsuite ignored="0" hostname="Muhindhar" failures="1" tests="1" name="Test" time="5.386" errors="0" timestamp="2026-05-04T14:52:58 IST">
  <testcase classname="io.cucumber.testng.AbstractTestNGCucumberTests" name="runScenario" time="4.971">
    <failure type="io.cucumber.testng.UndefinedStepException" message="The step &amp;apos;the user launch the firefox browser&amp;apos; is undefined.
You can implement this step using the snippet(s) below:

@Given(&amp;quot;the user launch the firefox browser&amp;quot;)
public void the_user_launch_the_firefox_browser() {
    // Write code here that turns the phrase above into concrete actions
    throw new io.cucumber.java.PendingException();
}
">
      <![CDATA[io.cucumber.testng.UndefinedStepException: The step 'the user launch the firefox browser' is undefined.
You can implement this step using the snippet(s) below:

@Given("the user launch the firefox browser")
public void the_user_launch_the_firefox_browser() {
    // Write code here that turns the phrase above into concrete actions
    throw new io.cucumber.java.PendingException();
}

at ✽.the user launch the firefox browser(file:///C:/Users/Muhindhar%20S%20V/eclipse-workspace/Cucumber/src/test/resources/com/features/Login.feature:5)
]]>
    </failure>
  </testcase> <!-- runScenario -->
</testsuite> <!-- Test -->
