<?xml version="1.0" encoding="UTF-8"?>
<testsuite xmlns:xsi="http://www.w3.org/2001/XMLSchema-instance" xsi:noNamespaceSchemaLocation="https://maven.apache.org/surefire/maven-surefire-plugin/xsd/surefire-test-report.xsd" version="3.0.2" name="TestSuite" time="11.883" tests="1" errors="0" skipped="0" failures="1">
  <properties>
[...]
</properties>
  <testcase name="runScenario[&quot;Verify valid login credentials&quot;, &quot;05_04_2026 - LoginFeatures&quot;](1)" classname="runner.TestngRunner" time="10.602">
    <failure message="expected [Log in] but found []" type="java.lang.AssertionError"><![CDATA[java.lang.AssertionError: expected [Log in] but found []
	at org.testng.Assert.fail(Assert.java:111)
	at org.testng.Assert.failNotEquals(Assert.java:1590)
	at org.testng.Assert.assertEqualsImpl(Assert.java:150)
	at org.testng.Assert.assertEquals(Assert.java:132)
	at org.testng.Assert.assertEquals(Assert.java:656)
	at org.testng.Assert.assertEquals(Assert.java:666)
	at stepDefinitions.LoginStepDefinitin.the_login_card_title_should_be_verified(LoginStepDefinitin.java:43)
	at ✽.the Login card title should be verified(file:///C:/Users/Muhindhar%20S%20V/eclipse-workspace/Cucumber/src/test/resources/com/features/Login.feature:9)
]]></failure>
    <system-out><![CDATA[
@Valid
&amp#27;[1mScenario:&amp#27;[22m Verify valid login credentials                                             &amp#27;[90m# src/test/resources/com/features/Login.feature:13&amp#27;[39m
  &amp#27;[32m✔&amp#27;[39m &amp#27;[32m&amp#27;[1mGiven &amp#27;[22mthe user launch the firefox browser&amp#27;[39m                                        &amp#27;[90m# stepDefinitions.LoginStepDefinitin.the_user_launch_the_firefox_browser()&amp#27;[39m
  &amp#27;[32m✔&amp#27;[39m &amp#27;[32m&amp#27;[1mWhen &amp#27;[22mthe user enters the URL as &amp#27;[1m"https://demoblaze.com/"&amp#27;[22m in the browser&amp#27;[39m          &amp#27;[90m# stepDefinitions.LoginStepDefinitin.the_user_enters_the_url_as_in_the_browser(java.lang.String)&amp#27;[39m
  &amp#27;[32m✔&amp#27;[39m &amp#27;[32m&amp#27;[1mThen &amp#27;[22mthe page title should be verified&amp#27;[39m                                           &amp#27;[90m# stepDefinitions.LoginStepDefinitin.the_page_title_should_be_verified()&amp#27;[39m
  &amp#27;[32m✔&amp#27;[39m &amp#27;[32m&amp#27;[1mWhen &amp#27;[22mthe user clicks on the Login link&amp#27;[39m                                           &amp#27;[90m# stepDefinitions.LoginStepDefinitin.the_user_clicks_on_the_login_link()&amp#27;[39m
  &amp#27;[31m✘&amp#27;[39m &amp#27;[31m&amp#27;[1mThen &amp#27;[22mthe Login card title should be verified&amp#27;[39m                                     &amp#27;[90m# stepDefinitions.LoginStepDefinitin.the_login_card_title_should_be_verified()&amp#27;[39m
        &amp#27;[31mjava.lang.AssertionError: expected [Log in] but found []&amp#27;[39m
        &amp#27;[31m	at org.testng.Assert.fail(Assert.java:111)&amp#27;[39m
        &amp#27;[31m	at org.testng.Assert.failNotEquals(Assert.java:1590)&amp#27;[39m
        &amp#27;[31m	at org.testng.Assert.assertEqualsImpl(Assert.java:150)&amp#27;[39m
        &amp#27;[31m	at org.testng.Assert.assertEquals(Assert.java:132)&amp#27;[39m
        &amp#27;[31m	at org.testng.Assert.assertEquals(Assert.java:656)&amp#27;[39m
        &amp#27;[31m	at org.testng.Assert.assertEquals(Assert.java:666)&amp#27;[39m
        &amp#27;[31m	at stepDefinitions.LoginStepDefinitin.the_login_card_title_should_be_verified(LoginStepDefinitin.java:43)&amp#27;[39m
        &amp#27;[31m	at ✽.the Login card title should be verified(file:///C:/Users/Muhindhar%20S%20V/eclipse-workspace/Cucumber/src/test/resources/com/features/Login.feature:9)&amp#27;[39m
  &amp#27;[36m↷&amp#27;[39m &amp#27;[36m&amp#27;[1mWhen &amp#27;[22mthe user enters username as &amp#27;[1m"admin"&amp#27;[22m and password as &amp#27;[1m"admin"&amp#27;[22m&amp#27;[39m                 &amp#27;[90m# stepDefinitions.LoginStepDefinitin.the_user_enters_username_as_and_password_as(java.lang.String,java.lang.String)&amp#27;[39m
  &amp#27;[36m↷&amp#27;[39m &amp#27;[36m&amp#27;[1mAnd &amp#27;[22mthe user clicks the login button&amp#27;[39m                                             &amp#27;[90m# stepDefinitions.LoginStepDefinitin.the_user_clicks_the_login_button()&amp#27;[39m
  &amp#27;[36m↷&amp#27;[39m &amp#27;[36m&amp#27;[1mThen &amp#27;[22mthe user should be login successfully and &amp#27;[1m"Welcome Admin should be display"&amp#27;[22m&amp#27;[39m &amp#27;[90m# stepDefinitions.LoginStepDefinitin.the_user_should_be_login_successfully_and(java.lang.String)&amp#27;[39m
  &amp#27;[36m↷&amp#27;[39m &amp#27;[36m&amp#27;[1mAnd &amp#27;[22mthe Logout should be displayed instead of Login&amp#27;[39m                              &amp#27;[90m# stepDefinitions.LoginStepDefinitin.the_logout_should_be_displayed_instead_of_login()&amp#27;[39m
]]></system-out>
    <system-err><![CDATA[SLF4J(W): No SLF4J providers were found.
SLF4J(W): Defaulting to no-operation (NOP) logger implementation
SLF4J(W): See https://www.slf4j.org/codes.html#noProviders for further details.
]]></system-err>
  </testcase>
</testsuite>