<?xml version="1.0" encoding="UTF-8"?>
<testng-results ignored="0" total="1" passed="0" failed="1" skipped="0">
  <reporter-output>
  </reporter-output>
  <suite started-at="2026-05-04T14:28:20 IST" name="Suite" finished-at="2026-05-04T14:28:31 IST" duration-ms="11239">
    <groups>
      <group name="cucumber">
        <method signature="AbstractTestNGCucumberTests.runScenario(io.cucumber.testng.PickleWrapper,io.cucumber.testng.FeatureWrapper)[pri:0, instance:runner.TestngRunner@243c4f91]" name="runScenario" class="io.cucumber.testng.AbstractTestNGCucumberTests"/>
      </group> <!-- cucumber -->
    </groups>
    <test started-at="2026-05-04T14:28:20 IST" name="Test" finished-at="2026-05-04T14:28:31 IST" duration-ms="11239">
      <class name="runner.TestngRunner">
        <test-method is-config="true" signature="setUpClass(org.testng.ITestContext)[pri:0, instance:runner.TestngRunner@243c4f91]" started-at="2026-05-04T14:28:20 IST" name="setUpClass" finished-at="2026-05-04T14:28:20 IST" duration-ms="537" status="PASS">
          <params>
            <param index="0">
              <value>
                <![CDATA[org.testng.TestRunner@4a3be6a5]]>
              </value>
            </param>
          </params>
          <reporter-output>
          </reporter-output>
        </test-method> <!-- setUpClass -->
        <test-method signature="runScenario(io.cucumber.testng.PickleWrapper,io.cucumber.testng.FeatureWrapper)[pri:0, instance:runner.TestngRunner@243c4f91]" started-at="2026-05-04T14:28:20 IST" name="runScenario" description="Runs Cucumber Scenarios" data-provider="scenarios" finished-at="2026-05-04T14:28:31 IST" duration-ms="10576" status="FAIL">
          <params>
            <param index="0">
              <value>
                <![CDATA["Verify valid login credentials"]]>
              </value>
            </param>
            <param index="1">
              <value>
                <![CDATA["05_04_2026 - LoginFeatures"]]>
              </value>
            </param>
          </params>
          <exception class="java.lang.AssertionError">
            <message>
              <![CDATA[expected [Log in] but found []]]>
            </message>
            <full-stacktrace>
              <![CDATA[java.lang.AssertionError: expected [Log in] but found []
at org.testng.Assert.fail(Assert.java:111)
at org.testng.Assert.failNotEquals(Assert.java:1590)
at org.testng.Assert.assertEqualsImpl(Assert.java:150)
at org.testng.Assert.assertEquals(Assert.java:132)
at org.testng.Assert.assertEquals(Assert.java:656)
at org.testng.Assert.assertEquals(Assert.java:666)
at stepDefinitions.LoginStepDefinitin.the_login_card_title_should_be_verified(LoginStepDefinitin.java:43)
at ✽.the Login card title should be verified(file:///C:/Users/Muhindhar%20S%20V/eclipse-workspace/Cucumber/src/test/resources/com/features/Login.feature:9)
]]>
            </full-stacktrace>
          </exception> <!-- java.lang.AssertionError -->
          <reporter-output>
          </reporter-output>
        </test-method> <!-- runScenario -->
        <test-method is-config="true" signature="tearDownClass()[pri:0, instance:runner.TestngRunner@243c4f91]" started-at="2026-05-04T14:28:31 IST" name="tearDownClass" finished-at="2026-05-04T14:28:31 IST" duration-ms="70" status="PASS">
          <reporter-output>
          </reporter-output>
        </test-method> <!-- tearDownClass -->
      </class> <!-- runner.TestngRunner -->
    </test> <!-- Test -->
  </suite> <!-- Suite -->
</testng-results>
