<?xml version="1.0" encoding="UTF-8"?>
<!-- Generated by org.testng.reporters.JUnitReportReporter -->
<testsuite hostname="Muhindhar" failures="0" tests="1" name="runner.TestngRunner" time="3.774" errors="1" timestamp="2026-05-04T15:06:51 IST" skipped="0">
  <testcase classname="runner.TestngRunner" name="runScenario" time="3.774">
    <error message="The step &#039;the user launch the firefox browser&#039; is undefined.
You can implement this step using the snippet(s) below:

@Given(&quot;the user launch the firefox browser&quot;)
public void the_user_launch_the_firefox_browser() {
    // Write code here that turns the phrase above into concrete actions
    throw new io.cucumber.java.PendingException();
}
" type="io.cucumber.testng.UndefinedStepException">
      <![CDATA[io.cucumber.testng.UndefinedStepException: The step 'the user launch the firefox browser' is undefined.
You can implement this step using the snippet(s) below:

@Given("the user launch the firefox browser")
public void the_user_launch_the_firefox_browser() {
    // Write code here that turns the phrase above into concrete actions
    throw new io.cucumber.java.PendingException();
}

at ✽.the user launch the firefox browser(file:///C:/Users/Muhindhar%20S%20V/eclipse-workspace/Cucumber/src/test/resources/com/features/Login.feature:5)
]]>
    </error>
  </testcase> <!-- runScenario -->
</testsuite> <!-- runner.TestngRunner -->
