<?xml version="1.0" encoding="UTF-8"?>
<!-- Generated by org.testng.reporters.JUnitReportReporter -->
<testsuite hostname="Muhindhar" failures="1" tests="1" name="runner.TestngRunner" time="10.576" errors="0" timestamp="2026-05-04T14:28:31 IST" skipped="0">
  <testcase classname="runner.TestngRunner" name="runScenario" time="10.576">
    <failure message="expected [Log in] but found []" type="java.lang.AssertionError">
      <![CDATA[java.lang.AssertionError: expected [Log in] but found []
at org.testng.Assert.fail(Assert.java:111)
at org.testng.Assert.failNotEquals(Assert.java:1590)
at org.testng.Assert.assertEqualsImpl(Assert.java:150)
at org.testng.Assert.assertEquals(Assert.java:132)
at org.testng.Assert.assertEquals(Assert.java:656)
at org.testng.Assert.assertEquals(Assert.java:666)
at stepDefinitions.LoginStepDefinitin.the_login_card_title_should_be_verified(LoginStepDefinitin.java:43)
at ✽.the Login card title should be verified(file:///C:/Users/Muhindhar%20S%20V/eclipse-workspace/Cucumber/src/test/resources/com/features/Login.feature:9)
]]>
    </failure>
  </testcase> <!-- runScenario -->
</testsuite> <!-- runner.TestngRunner -->
